# Logfile created on 2017-06-07 10:23:20 -0400 by logger.rb/56504
I, [2017-06-07T10:23:20.283507 #12784]  INFO -- : Beginning of run ----------------
I, [2017-06-07T10:23:20.284509 #12784]  INFO -- : getting woodpecker config file
I, [2017-06-07T10:23:20.285009 #12784]  INFO -- : got key
I, [2017-06-07T10:23:23.049312 #12784]  INFO -- : Grabbed 1 woodies
I, [2017-06-07T10:23:23.050291 #12784]  INFO -- : End of run -----------------------------
I, [2017-06-07T10:23:51.419166 #7820]  INFO -- : Beginning of run ----------------
I, [2017-06-07T10:23:51.419666 #7820]  INFO -- : getting woodpecker config file
I, [2017-06-07T10:23:51.420166 #7820]  INFO -- : got key
I, [2017-06-07T10:23:54.284437 #7820]  INFO -- : Grabbed 1 woodies
I, [2017-06-07T10:23:54.286438 #7820]  INFO -- : End of run -----------------------------
I, [2017-06-07T10:32:22.827799 #6012]  INFO -- : Beginning of run ----------------
I, [2017-06-07T10:32:22.828297 #6012]  INFO -- : getting woodpecker config file
I, [2017-06-07T10:32:22.829308 #6012]  INFO -- : got key
I, [2017-06-07T10:32:31.006230 #6012]  INFO -- : End of run -----------------------------
I, [2017-06-07T10:36:12.130471 #13188]  INFO -- : Beginning of run ----------------
I, [2017-06-07T10:36:12.130989 #13188]  INFO -- : getting woodpecker config file
I, [2017-06-07T10:36:12.131474 #13188]  INFO -- : got key
I, [2017-06-07T10:36:15.803749 #13188]  INFO -- : End of run -----------------------------
I, [2017-06-07T10:38:00.913400 #728]  INFO -- : Beginning of run ----------------
I, [2017-06-07T10:38:00.913898 #728]  INFO -- : getting woodpecker config file
I, [2017-06-07T10:38:00.914408 #728]  INFO -- : got key
I, [2017-06-07T10:38:04.123574 #728]  INFO -- : End of run -----------------------------
I, [2017-06-07T10:38:22.189066 #12984]  INFO -- : Beginning of run ----------------
I, [2017-06-07T10:38:22.189557 #12984]  INFO -- : getting woodpecker config file
I, [2017-06-07T10:38:22.190064 #12984]  INFO -- : got key
I, [2017-06-07T10:38:24.794593 #12984]  INFO -- : End of run -----------------------------
I, [2017-06-07T10:45:03.280500 #11412]  INFO -- : Beginning of run ----------------
I, [2017-06-07T10:45:03.281001 #11412]  INFO -- : getting woodpecker config file
I, [2017-06-07T10:45:03.281501 #11412]  INFO -- : got key
I, [2017-06-07T10:45:03.282001 #11412]  INFO -- : grabbing from URI of https://api.woodpecker.co/rest/v1/prospects?page=1&per_page=500
I, [2017-06-07T10:45:09.779214 #11412]  INFO -- : Grabbed 500 woodies
I, [2017-06-07T10:50:12.721421 #6000]  INFO -- : Beginning of run ----------------
I, [2017-06-07T10:50:12.721922 #6000]  INFO -- : getting woodpecker config file
I, [2017-06-07T10:50:12.722423 #6000]  INFO -- : got key
I, [2017-06-07T10:50:12.723704 #6000]  INFO -- : grabbing from URI of https://api.woodpecker.co/rest/v1/prospects?page=1&per_page=500
I, [2017-06-07T10:50:17.413847 #6000]  INFO -- : Grabbed 500 woodies
I, [2017-06-07T10:50:17.415059 #6000]  INFO -- : grabbing from URI of https://api.woodpecker.co/rest/v1/prospects?page=2&per_page=500
I, [2017-06-07T10:50:20.163019 #6000]  INFO -- : Grabbed 500 woodies
I, [2017-06-07T10:50:20.163522 #6000]  INFO -- : grabbing from URI of https://api.woodpecker.co/rest/v1/prospects?page=3&per_page=500
I, [2017-06-07T10:50:22.827771 #6000]  INFO -- : Grabbed 349 woodies
I, [2017-06-07T10:50:22.828772 #6000]  INFO -- : End of run -----------------------------
I, [2017-06-07T10:50:54.851419 #10348]  INFO -- : Beginning of run ----------------
I, [2017-06-07T10:50:54.851938 #10348]  INFO -- : getting woodpecker config file
I, [2017-06-07T10:50:54.852439 #10348]  INFO -- : got key
I, [2017-06-07T10:50:54.853890 #10348]  INFO -- : grabbing from URI of https://api.woodpecker.co/rest/v1/prospects?page=1&per_page=500
I, [2017-06-07T10:50:58.646153 #10348]  INFO -- : Grabbed 500 woodies
I, [2017-06-07T10:50:58.646328 #10348]  INFO -- : grabbing from URI of https://api.woodpecker.co/rest/v1/prospects?page=2&per_page=500
I, [2017-06-07T10:51:01.244944 #10348]  INFO -- : Grabbed 500 woodies
I, [2017-06-07T10:51:01.245943 #10348]  INFO -- : grabbing from URI of https://api.woodpecker.co/rest/v1/prospects?page=3&per_page=500
I, [2017-06-07T11:23:47.489314 #13260]  INFO -- : Beginning of run ----------------
I, [2017-06-07T11:23:47.490314 #13260]  INFO -- : getting woodpecker config file
I, [2017-06-07T11:23:47.490314 #13260]  INFO -- : got key
I, [2017-06-07T11:23:47.491315 #13260]  INFO -- : grabbing from URI of https://api.woodpecker.co/rest/v1/prospects?page=1&per_page=500
I, [2017-06-07T11:23:52.749007 #13260]  INFO -- : Grabbed 500 woodies
I, [2017-06-07T11:23:52.750020 #13260]  INFO -- : grabbing from URI of https://api.woodpecker.co/rest/v1/prospects?page=2&per_page=500
I, [2017-06-07T11:23:55.429127 #13260]  INFO -- : Grabbed 500 woodies
I, [2017-06-07T11:23:55.430118 #13260]  INFO -- : grabbing from URI of https://api.woodpecker.co/rest/v1/prospects?page=3&per_page=500
I, [2017-06-07T11:23:58.465570 #13260]  INFO -- : Grabbed 349 woodies
I, [2017-06-07T11:23:59.116467 #13260]  INFO -- : End of run -----------------------------
I, [2017-06-07T11:40:06.913084 #8780]  INFO -- : Beginning of run ----------------
I, [2017-06-07T11:40:06.913084 #8780]  INFO -- : getting config file
I, [2017-06-07T11:40:06.916086 #8780]  INFO -- : got config for will@twentypine.com
I, [2017-06-07T11:40:06.916086 #8780]  INFO -- : Attempting authentication . . .
I, [2017-06-07T11:40:09.693870 #8780]  INFO -- : Authentication successful
I, [2017-06-07T11:40:11.599596 #8780]  INFO -- : Found 17 Prospects
I, [2017-06-07T11:40:11.599596 #8780]  INFO -- : Getting wlutz@tepper.cmu.edu Prospect
I, [2017-06-07T11:40:11.600598 #8780]  INFO -- : Getting guiseppehammer@gmail.com Prospect
I, [2017-06-07T11:40:11.600598 #8780]  INFO -- : Getting jim@leads4growth.com Prospect
I, [2017-06-07T11:40:11.600598 #8780]  INFO -- : Getting katiezinman@gmail.com Prospect
I, [2017-06-07T11:40:11.600598 #8780]  INFO -- : Getting bjquesen@gmail.com Prospect
I, [2017-06-07T11:40:11.600598 #8780]  INFO -- : Getting jason@twentypine.com Prospect
I, [2017-06-07T11:40:11.600598 #8780]  INFO -- : Getting wbrproductions@gmail.com Prospect
I, [2017-06-07T11:40:11.601606 #8780]  INFO -- : Getting mcrdjr@sfdc2max.com Prospect
I, [2017-06-07T11:40:11.601606 #8780]  INFO -- : Getting kshockenberry@gmail.com Prospect
I, [2017-06-07T11:40:11.601606 #8780]  INFO -- : Getting sriramlns+twentypine@gmail.com Prospect
I, [2017-06-07T11:40:11.601606 #8780]  INFO -- : Getting Steven.taunk@fivestars.com Prospect
I, [2017-06-07T11:40:11.601606 #8780]  INFO -- : Getting swatijc@gmail.com Prospect
I, [2017-06-07T11:40:11.601606 #8780]  INFO -- : Getting sbone27@comcast.net Prospect
I, [2017-06-07T11:40:11.602627 #8780]  INFO -- : Getting Awilber@wiredtriangle.com Prospect
I, [2017-06-07T11:40:11.602813 #8780]  INFO -- : Getting simone_tauriac@outlook.com Prospect
I, [2017-06-07T11:40:11.603013 #8780]  INFO -- : Getting fleigirl@gmail.com Prospect
I, [2017-06-07T11:40:11.603205 #8780]  INFO -- : Getting rclarke@livingstonintl.com Prospect
I, [2017-06-07T11:40:11.603346 #8780]  INFO -- : Got signups ["wlutz@tepper.cmu.edu", "guiseppehammer@gmail.com", "jim@leads4growth.com", "katiezinman@gmail.com", "bjquesen@gmail.com", "jason@twentypine.com", "wbrproductions@gmail.com", "mcrdjr@sfdc2max.com", "kshockenberry@gmail.com", "sriramlns+twentypine@gmail.com", "Steven.taunk@fivestars.com", "swatijc@gmail.com", "sbone27@comcast.net", "Awilber@wiredtriangle.com", "simone_tauriac@outlook.com", "fleigirl@gmail.com", "rclarke@livingstonintl.com"]
I, [2017-06-07T11:40:23.689811 #9588]  INFO -- : Beginning of run ----------------
I, [2017-06-07T11:40:23.691275 #9588]  INFO -- : getting config file
I, [2017-06-07T11:40:23.691275 #9588]  INFO -- : got config for will@twentypine.com
I, [2017-06-07T11:40:23.691275 #9588]  INFO -- : Attempting authentication . . .
I, [2017-06-07T11:40:25.860270 #9588]  INFO -- : Authentication successful
I, [2017-06-07T11:40:27.231995 #9588]  INFO -- : Found 17 Prospects
I, [2017-06-07T11:40:27.231995 #9588]  INFO -- : Getting wlutz@tepper.cmu.edu Prospect
I, [2017-06-07T11:40:27.232996 #9588]  INFO -- : Getting guiseppehammer@gmail.com Prospect
I, [2017-06-07T11:40:27.232996 #9588]  INFO -- : Getting jim@leads4growth.com Prospect
I, [2017-06-07T11:40:27.232996 #9588]  INFO -- : Getting katiezinman@gmail.com Prospect
I, [2017-06-07T11:40:27.232996 #9588]  INFO -- : Getting bjquesen@gmail.com Prospect
I, [2017-06-07T11:40:27.232996 #9588]  INFO -- : Getting jason@twentypine.com Prospect
I, [2017-06-07T11:40:27.232996 #9588]  INFO -- : Getting wbrproductions@gmail.com Prospect
I, [2017-06-07T11:40:27.234002 #9588]  INFO -- : Getting mcrdjr@sfdc2max.com Prospect
I, [2017-06-07T11:40:27.234002 #9588]  INFO -- : Getting kshockenberry@gmail.com Prospect
I, [2017-06-07T11:40:27.234002 #9588]  INFO -- : Getting sriramlns+twentypine@gmail.com Prospect
I, [2017-06-07T11:40:27.234002 #9588]  INFO -- : Getting Steven.taunk@fivestars.com Prospect
I, [2017-06-07T11:40:27.234002 #9588]  INFO -- : Getting swatijc@gmail.com Prospect
I, [2017-06-07T11:40:27.235020 #9588]  INFO -- : Getting sbone27@comcast.net Prospect
I, [2017-06-07T11:40:27.235020 #9588]  INFO -- : Getting Awilber@wiredtriangle.com Prospect
I, [2017-06-07T11:40:27.235020 #9588]  INFO -- : Getting simone_tauriac@outlook.com Prospect
I, [2017-06-07T11:40:27.235020 #9588]  INFO -- : Getting fleigirl@gmail.com Prospect
I, [2017-06-07T11:40:27.235020 #9588]  INFO -- : Getting rclarke@livingstonintl.com Prospect
I, [2017-06-07T11:40:27.235999 #9588]  INFO -- : Got signups ["wlutz@tepper.cmu.edu", "guiseppehammer@gmail.com", "jim@leads4growth.com", "katiezinman@gmail.com", "bjquesen@gmail.com", "jason@twentypine.com", "wbrproductions@gmail.com", "mcrdjr@sfdc2max.com", "kshockenberry@gmail.com", "sriramlns+twentypine@gmail.com", "Steven.taunk@fivestars.com", "swatijc@gmail.com", "sbone27@comcast.net", "Awilber@wiredtriangle.com", "simone_tauriac@outlook.com", "fleigirl@gmail.com", "rclarke@livingstonintl.com"]
I, [2017-06-07T11:41:07.647532 #12060]  INFO -- : Beginning of run ----------------
I, [2017-06-07T11:41:07.648532 #12060]  INFO -- : getting config file
I, [2017-06-07T11:41:07.648532 #12060]  INFO -- : got config for will@twentypine.com
I, [2017-06-07T11:41:07.648532 #12060]  INFO -- : Attempting authentication . . .
I, [2017-06-07T11:41:09.798930 #12060]  INFO -- : Authentication successful
I, [2017-06-07T11:41:10.579203 #12060]  INFO -- : Found 17 Prospects
I, [2017-06-07T11:41:10.579203 #12060]  INFO -- : Getting wlutz@tepper.cmu.edu Prospect
I, [2017-06-07T11:41:10.579203 #12060]  INFO -- : Getting guiseppehammer@gmail.com Prospect
I, [2017-06-07T11:41:10.579203 #12060]  INFO -- : Getting jim@leads4growth.com Prospect
I, [2017-06-07T11:41:10.579203 #12060]  INFO -- : Getting katiezinman@gmail.com Prospect
I, [2017-06-07T11:41:10.579203 #12060]  INFO -- : Getting bjquesen@gmail.com Prospect
I, [2017-06-07T11:41:10.579203 #12060]  INFO -- : Getting jason@twentypine.com Prospect
I, [2017-06-07T11:41:10.579203 #12060]  INFO -- : Getting wbrproductions@gmail.com Prospect
I, [2017-06-07T11:41:10.579203 #12060]  INFO -- : Getting mcrdjr@sfdc2max.com Prospect
I, [2017-06-07T11:41:10.579203 #12060]  INFO -- : Getting kshockenberry@gmail.com Prospect
I, [2017-06-07T11:41:10.579203 #12060]  INFO -- : Getting sriramlns+twentypine@gmail.com Prospect
I, [2017-06-07T11:41:10.580183 #12060]  INFO -- : Getting Steven.taunk@fivestars.com Prospect
I, [2017-06-07T11:41:10.580183 #12060]  INFO -- : Getting swatijc@gmail.com Prospect
I, [2017-06-07T11:41:10.580183 #12060]  INFO -- : Getting sbone27@comcast.net Prospect
I, [2017-06-07T11:41:10.580183 #12060]  INFO -- : Getting Awilber@wiredtriangle.com Prospect
I, [2017-06-07T11:41:10.580183 #12060]  INFO -- : Getting simone_tauriac@outlook.com Prospect
I, [2017-06-07T11:41:10.580183 #12060]  INFO -- : Getting fleigirl@gmail.com Prospect
I, [2017-06-07T11:41:10.580183 #12060]  INFO -- : Getting rclarke@livingstonintl.com Prospect
I, [2017-06-07T11:41:10.580183 #12060]  INFO -- : Got signups ["wlutz@tepper.cmu.edu", "guiseppehammer@gmail.com", "jim@leads4growth.com", "katiezinman@gmail.com", "bjquesen@gmail.com", "jason@twentypine.com", "wbrproductions@gmail.com", "mcrdjr@sfdc2max.com", "kshockenberry@gmail.com", "sriramlns+twentypine@gmail.com", "Steven.taunk@fivestars.com", "swatijc@gmail.com", "sbone27@comcast.net", "Awilber@wiredtriangle.com", "simone_tauriac@outlook.com", "fleigirl@gmail.com", "rclarke@livingstonintl.com"]
I, [2017-06-07T11:41:10.581183 #12060]  INFO -- : Blacklist length: 0
I, [2017-06-07T11:41:10.581183 #12060]  INFO -- : End of run -----------------------------
I, [2017-06-07T11:41:31.784023 #5164]  INFO -- : Beginning of run ----------------
I, [2017-06-07T11:41:31.784023 #5164]  INFO -- : getting config file
I, [2017-06-07T11:41:31.785028 #5164]  INFO -- : got config for will@twentypine.com
I, [2017-06-07T11:41:31.785028 #5164]  INFO -- : Attempting authentication . . .
I, [2017-06-07T11:41:34.325910 #5164]  INFO -- : Authentication successful
I, [2017-06-07T11:41:35.152510 #5164]  INFO -- : Found 17 Prospects
I, [2017-06-07T11:41:35.152510 #5164]  INFO -- : Getting wlutz@tepper.cmu.edu Prospect
I, [2017-06-07T11:41:35.153493 #5164]  INFO -- : Getting guiseppehammer@gmail.com Prospect
I, [2017-06-07T11:41:35.153493 #5164]  INFO -- : Getting jim@leads4growth.com Prospect
I, [2017-06-07T11:41:35.153493 #5164]  INFO -- : Getting katiezinman@gmail.com Prospect
I, [2017-06-07T11:41:35.154017 #5164]  INFO -- : Getting bjquesen@gmail.com Prospect
I, [2017-06-07T11:41:35.154017 #5164]  INFO -- : Getting jason@twentypine.com Prospect
I, [2017-06-07T11:41:35.154017 #5164]  INFO -- : Getting wbrproductions@gmail.com Prospect
I, [2017-06-07T11:41:35.154495 #5164]  INFO -- : Getting mcrdjr@sfdc2max.com Prospect
I, [2017-06-07T11:41:35.154495 #5164]  INFO -- : Getting kshockenberry@gmail.com Prospect
I, [2017-06-07T11:41:35.154495 #5164]  INFO -- : Getting sriramlns+twentypine@gmail.com Prospect
I, [2017-06-07T11:41:35.155003 #5164]  INFO -- : Getting Steven.taunk@fivestars.com Prospect
I, [2017-06-07T11:41:35.155003 #5164]  INFO -- : Getting swatijc@gmail.com Prospect
I, [2017-06-07T11:41:35.155003 #5164]  INFO -- : Getting sbone27@comcast.net Prospect
I, [2017-06-07T11:41:35.155514 #5164]  INFO -- : Getting Awilber@wiredtriangle.com Prospect
I, [2017-06-07T11:41:35.155514 #5164]  INFO -- : Getting simone_tauriac@outlook.com Prospect
I, [2017-06-07T11:41:35.156010 #5164]  INFO -- : Getting fleigirl@gmail.com Prospect
I, [2017-06-07T11:41:35.156010 #5164]  INFO -- : Getting rclarke@livingstonintl.com Prospect
I, [2017-06-07T11:41:35.156010 #5164]  INFO -- : Got signups ["wlutz@tepper.cmu.edu", "guiseppehammer@gmail.com", "jim@leads4growth.com", "katiezinman@gmail.com", "bjquesen@gmail.com", "jason@twentypine.com", "wbrproductions@gmail.com", "mcrdjr@sfdc2max.com", "kshockenberry@gmail.com", "sriramlns+twentypine@gmail.com", "Steven.taunk@fivestars.com", "swatijc@gmail.com", "sbone27@comcast.net", "Awilber@wiredtriangle.com", "simone_tauriac@outlook.com", "fleigirl@gmail.com", "rclarke@livingstonintl.com"]
I, [2017-06-07T11:41:35.156509 #5164]  INFO -- : getting woodpecker config file
I, [2017-06-07T11:41:35.157011 #5164]  INFO -- : got key
I, [2017-06-07T11:41:35.158010 #5164]  INFO -- : grabbing from URI of https://api.woodpecker.co/rest/v1/prospects?page=1&per_page=500
I, [2017-06-07T11:41:38.057921 #5164]  INFO -- : Grabbed 500 woodies
I, [2017-06-07T11:41:38.058935 #5164]  INFO -- : grabbing from URI of https://api.woodpecker.co/rest/v1/prospects?page=2&per_page=500
I, [2017-06-07T11:41:41.008375 #5164]  INFO -- : Grabbed 500 woodies
I, [2017-06-07T11:41:41.009359 #5164]  INFO -- : grabbing from URI of https://api.woodpecker.co/rest/v1/prospects?page=3&per_page=500
I, [2017-06-07T11:41:43.604997 #5164]  INFO -- : Grabbed 349 woodies
I, [2017-06-07T11:41:43.605988 #5164]  INFO -- : Grabbed 3 Woodies in total
I, [2017-06-07T11:43:25.363068 #5916]  INFO -- : Beginning of run ----------------
I, [2017-06-07T11:43:25.363068 #5916]  INFO -- : getting config file
I, [2017-06-07T11:43:25.364062 #5916]  INFO -- : got config for will@twentypine.com
I, [2017-06-07T11:43:25.364062 #5916]  INFO -- : Attempting authentication . . .
I, [2017-06-07T11:43:27.640741 #5916]  INFO -- : Authentication successful
I, [2017-06-07T11:43:28.422712 #5916]  INFO -- : Found 17 Prospects
I, [2017-06-07T11:43:28.422712 #5916]  INFO -- : Getting wlutz@tepper.cmu.edu Prospect
I, [2017-06-07T11:43:28.423730 #5916]  INFO -- : Getting guiseppehammer@gmail.com Prospect
I, [2017-06-07T11:43:28.423730 #5916]  INFO -- : Getting jim@leads4growth.com Prospect
I, [2017-06-07T11:43:28.423730 #5916]  INFO -- : Getting katiezinman@gmail.com Prospect
I, [2017-06-07T11:43:28.423730 #5916]  INFO -- : Getting bjquesen@gmail.com Prospect
I, [2017-06-07T11:43:28.423730 #5916]  INFO -- : Getting jason@twentypine.com Prospect
I, [2017-06-07T11:43:28.423730 #5916]  INFO -- : Getting wbrproductions@gmail.com Prospect
I, [2017-06-07T11:43:28.424715 #5916]  INFO -- : Getting mcrdjr@sfdc2max.com Prospect
I, [2017-06-07T11:43:28.424715 #5916]  INFO -- : Getting kshockenberry@gmail.com Prospect
I, [2017-06-07T11:43:28.424715 #5916]  INFO -- : Getting sriramlns+twentypine@gmail.com Prospect
I, [2017-06-07T11:43:28.424715 #5916]  INFO -- : Getting Steven.taunk@fivestars.com Prospect
I, [2017-06-07T11:43:28.424715 #5916]  INFO -- : Getting swatijc@gmail.com Prospect
I, [2017-06-07T11:43:28.425733 #5916]  INFO -- : Getting sbone27@comcast.net Prospect
I, [2017-06-07T11:43:28.425733 #5916]  INFO -- : Getting Awilber@wiredtriangle.com Prospect
I, [2017-06-07T11:43:28.425733 #5916]  INFO -- : Getting simone_tauriac@outlook.com Prospect
I, [2017-06-07T11:43:28.425733 #5916]  INFO -- : Getting fleigirl@gmail.com Prospect
I, [2017-06-07T11:43:28.425733 #5916]  INFO -- : Getting rclarke@livingstonintl.com Prospect
I, [2017-06-07T11:43:28.426728 #5916]  INFO -- : Got signups ["wlutz@tepper.cmu.edu", "guiseppehammer@gmail.com", "jim@leads4growth.com", "katiezinman@gmail.com", "bjquesen@gmail.com", "jason@twentypine.com", "wbrproductions@gmail.com", "mcrdjr@sfdc2max.com", "kshockenberry@gmail.com", "sriramlns+twentypine@gmail.com", "Steven.taunk@fivestars.com", "swatijc@gmail.com", "sbone27@comcast.net", "Awilber@wiredtriangle.com", "simone_tauriac@outlook.com", "fleigirl@gmail.com", "rclarke@livingstonintl.com"]
I, [2017-06-07T11:43:28.426728 #5916]  INFO -- : getting woodpecker config file
I, [2017-06-07T11:43:28.427728 #5916]  INFO -- : got key
I, [2017-06-07T11:43:28.427728 #5916]  INFO -- : grabbing from URI of https://api.woodpecker.co/rest/v1/prospects?page=1&per_page=500
I, [2017-06-07T11:43:31.551720 #5916]  INFO -- : Grabbed 500 woodies
I, [2017-06-07T11:43:31.552714 #5916]  INFO -- : grabbing from URI of https://api.woodpecker.co/rest/v1/prospects?page=2&per_page=500
I, [2017-06-07T11:43:34.210517 #5916]  INFO -- : Grabbed 500 woodies
I, [2017-06-07T11:43:34.211508 #5916]  INFO -- : grabbing from URI of https://api.woodpecker.co/rest/v1/prospects?page=3&per_page=500
I, [2017-06-07T11:43:36.544147 #5916]  INFO -- : Grabbed 349 woodies
I, [2017-06-07T11:43:36.544147 #5916]  INFO -- : Grabbed 1349 Woodies in total
I, [2017-06-07T11:43:36.544147 #5916]  INFO -- : Blacklist length: 0
I, [2017-06-07T11:43:36.545116 #5916]  INFO -- : End of run -----------------------------
I, [2017-06-07T11:44:07.524982 #8760]  INFO -- : Beginning of run ----------------
I, [2017-06-07T11:44:07.525984 #8760]  INFO -- : getting config file
I, [2017-06-07T11:44:07.525984 #8760]  INFO -- : got config for will@twentypine.com
I, [2017-06-07T11:44:07.525984 #8760]  INFO -- : Attempting authentication . . .
I, [2017-06-07T11:44:09.717010 #8760]  INFO -- : Authentication successful
I, [2017-06-07T11:44:10.488693 #8760]  INFO -- : Found 17 Prospects
I, [2017-06-07T11:44:10.488693 #8760]  INFO -- : Getting wlutz@tepper.cmu.edu Prospect
I, [2017-06-07T11:44:10.489693 #8760]  INFO -- : Getting guiseppehammer@gmail.com Prospect
I, [2017-06-07T11:44:10.489693 #8760]  INFO -- : Getting jim@leads4growth.com Prospect
I, [2017-06-07T11:44:10.489693 #8760]  INFO -- : Getting katiezinman@gmail.com Prospect
I, [2017-06-07T11:44:10.489693 #8760]  INFO -- : Getting bjquesen@gmail.com Prospect
I, [2017-06-07T11:44:10.489693 #8760]  INFO -- : Getting jason@twentypine.com Prospect
I, [2017-06-07T11:44:10.489693 #8760]  INFO -- : Getting wbrproductions@gmail.com Prospect
I, [2017-06-07T11:44:10.490694 #8760]  INFO -- : Getting mcrdjr@sfdc2max.com Prospect
I, [2017-06-07T11:44:10.490694 #8760]  INFO -- : Getting kshockenberry@gmail.com Prospect
I, [2017-06-07T11:44:10.490694 #8760]  INFO -- : Getting sriramlns+twentypine@gmail.com Prospect
I, [2017-06-07T11:44:10.490694 #8760]  INFO -- : Getting Steven.taunk@fivestars.com Prospect
I, [2017-06-07T11:44:10.490694 #8760]  INFO -- : Getting swatijc@gmail.com Prospect
I, [2017-06-07T11:44:10.490694 #8760]  INFO -- : Getting sbone27@comcast.net Prospect
I, [2017-06-07T11:44:10.491714 #8760]  INFO -- : Getting Awilber@wiredtriangle.com Prospect
I, [2017-06-07T11:44:10.491714 #8760]  INFO -- : Getting simone_tauriac@outlook.com Prospect
I, [2017-06-07T11:44:10.491714 #8760]  INFO -- : Getting fleigirl@gmail.com Prospect
I, [2017-06-07T11:44:10.491714 #8760]  INFO -- : Getting rclarke@livingstonintl.com Prospect
I, [2017-06-07T11:44:10.491714 #8760]  INFO -- : Got signups ["wlutz@tepper.cmu.edu", "guiseppehammer@gmail.com", "jim@leads4growth.com", "katiezinman@gmail.com", "bjquesen@gmail.com", "jason@twentypine.com", "wbrproductions@gmail.com", "mcrdjr@sfdc2max.com", "kshockenberry@gmail.com", "sriramlns+twentypine@gmail.com", "Steven.taunk@fivestars.com", "swatijc@gmail.com", "sbone27@comcast.net", "Awilber@wiredtriangle.com", "simone_tauriac@outlook.com", "fleigirl@gmail.com", "rclarke@livingstonintl.com"]
I, [2017-06-07T11:44:10.492698 #8760]  INFO -- : getting woodpecker config file
I, [2017-06-07T11:44:10.492698 #8760]  INFO -- : got key
I, [2017-06-07T11:44:10.493731 #8760]  INFO -- : grabbing from URI of https://api.woodpecker.co/rest/v1/prospects?page=1&per_page=500
I, [2017-06-07T11:44:13.187460 #8760]  INFO -- : Grabbed 500 woodies
I, [2017-06-07T11:44:13.188460 #8760]  INFO -- : grabbing from URI of https://api.woodpecker.co/rest/v1/prospects?page=2&per_page=500
I, [2017-06-07T11:44:16.060119 #8760]  INFO -- : Grabbed 500 woodies
I, [2017-06-07T11:44:16.061127 #8760]  INFO -- : grabbing from URI of https://api.woodpecker.co/rest/v1/prospects?page=3&per_page=500
I, [2017-06-07T11:44:18.606750 #8760]  INFO -- : Grabbed 349 woodies
I, [2017-06-07T11:44:18.607736 #8760]  INFO -- : Grabbed 1349 Woodies in total
I, [2017-06-07T11:44:18.608730 #8760]  INFO -- : Blacklist length: 0
I, [2017-06-07T11:44:18.608730 #8760]  INFO -- : End of run -----------------------------
I, [2017-06-07T11:44:57.504483 #13276]  INFO -- : Beginning of run ----------------
I, [2017-06-07T11:44:57.504483 #13276]  INFO -- : getting config file
I, [2017-06-07T11:44:57.505479 #13276]  INFO -- : got config for will@twentypine.com
I, [2017-06-07T11:44:57.505479 #13276]  INFO -- : Attempting authentication . . .
I, [2017-06-07T11:45:00.087689 #13276]  INFO -- : Authentication successful
I, [2017-06-07T11:45:00.942288 #13276]  INFO -- : Found 17 Prospects
I, [2017-06-07T11:45:00.942789 #13276]  INFO -- : Getting wlutz@tepper.cmu.edu Prospect
I, [2017-06-07T11:45:00.942789 #13276]  INFO -- : Getting guiseppehammer@gmail.com Prospect
I, [2017-06-07T11:45:00.942789 #13276]  INFO -- : Getting jim@leads4growth.com Prospect
I, [2017-06-07T11:45:00.942789 #13276]  INFO -- : Getting katiezinman@gmail.com Prospect
I, [2017-06-07T11:45:00.942789 #13276]  INFO -- : Getting bjquesen@gmail.com Prospect
I, [2017-06-07T11:45:00.942789 #13276]  INFO -- : Getting jason@twentypine.com Prospect
I, [2017-06-07T11:45:00.943268 #13276]  INFO -- : Getting wbrproductions@gmail.com Prospect
I, [2017-06-07T11:45:00.943268 #13276]  INFO -- : Getting mcrdjr@sfdc2max.com Prospect
I, [2017-06-07T11:45:00.943268 #13276]  INFO -- : Getting kshockenberry@gmail.com Prospect
I, [2017-06-07T11:45:00.943268 #13276]  INFO -- : Getting sriramlns+twentypine@gmail.com Prospect
I, [2017-06-07T11:45:00.943268 #13276]  INFO -- : Getting Steven.taunk@fivestars.com Prospect
I, [2017-06-07T11:45:00.943268 #13276]  INFO -- : Getting swatijc@gmail.com Prospect
I, [2017-06-07T11:45:00.943268 #13276]  INFO -- : Getting sbone27@comcast.net Prospect
I, [2017-06-07T11:45:00.943268 #13276]  INFO -- : Getting Awilber@wiredtriangle.com Prospect
I, [2017-06-07T11:45:00.943268 #13276]  INFO -- : Getting simone_tauriac@outlook.com Prospect
I, [2017-06-07T11:45:00.943768 #13276]  INFO -- : Getting fleigirl@gmail.com Prospect
I, [2017-06-07T11:45:00.943768 #13276]  INFO -- : Getting rclarke@livingstonintl.com Prospect
I, [2017-06-07T11:45:00.943768 #13276]  INFO -- : Got signups ["wlutz@tepper.cmu.edu", "guiseppehammer@gmail.com", "jim@leads4growth.com", "katiezinman@gmail.com", "bjquesen@gmail.com", "jason@twentypine.com", "wbrproductions@gmail.com", "mcrdjr@sfdc2max.com", "kshockenberry@gmail.com", "sriramlns+twentypine@gmail.com", "Steven.taunk@fivestars.com", "swatijc@gmail.com", "sbone27@comcast.net", "Awilber@wiredtriangle.com", "simone_tauriac@outlook.com", "fleigirl@gmail.com", "rclarke@livingstonintl.com"]
I, [2017-06-07T11:45:00.944290 #13276]  INFO -- : getting woodpecker config file
I, [2017-06-07T11:45:00.944290 #13276]  INFO -- : got key
I, [2017-06-07T11:45:00.944769 #13276]  INFO -- : grabbing from URI of https://api.woodpecker.co/rest/v1/prospects?page=1&per_page=500
I, [2017-06-07T11:45:03.914073 #13276]  INFO -- : Grabbed 500 woodies
I, [2017-06-07T11:45:03.915075 #13276]  INFO -- : grabbing from URI of https://api.woodpecker.co/rest/v1/prospects?page=2&per_page=500
I, [2017-06-07T11:45:06.559956 #13276]  INFO -- : Grabbed 500 woodies
I, [2017-06-07T11:45:06.561225 #13276]  INFO -- : grabbing from URI of https://api.woodpecker.co/rest/v1/prospects?page=3&per_page=500
I, [2017-06-07T11:45:08.904274 #13276]  INFO -- : Grabbed 349 woodies
I, [2017-06-07T11:45:08.905330 #13276]  INFO -- : Grabbed 1349 Woodies in total
I, [2017-06-07T11:45:08.915312 #13276]  INFO -- : Blacklist length: 0
I, [2017-06-07T11:45:08.915312 #13276]  INFO -- : End of run -----------------------------
I, [2017-06-07T14:00:47.133605 #504]  INFO -- : Beginning of run ----------------
I, [2017-06-07T14:01:55.114391 #3744]  INFO -- : Beginning of run ----------------
I, [2017-06-07T14:01:55.115389 #3744]  INFO -- : Blacklist length: 2
I, [2017-06-07T14:01:55.115389 #3744]  INFO -- : End of run -----------------------------
I, [2017-06-07T14:10:41.564519 #6252]  INFO -- : Beginning of run ----------------
I, [2017-06-07T14:10:41.566373 #6252]  INFO -- : Blacklist length: 2
I, [2017-06-07T14:10:41.566500 #6252]  INFO -- : End of run -----------------------------
I, [2017-06-07T14:11:12.539294 #11868]  INFO -- : Beginning of run ----------------
I, [2017-06-07T14:11:12.539294 #11868]  INFO -- : Blacklist length: 2
I, [2017-06-07T14:11:12.539294 #11868]  INFO -- : End of run -----------------------------
I, [2017-06-07T14:13:10.023101 #5820]  INFO -- : Beginning of run ----------------
I, [2017-06-07T14:13:10.024510 #5820]  INFO -- : Blacklist length: 2
I, [2017-06-07T14:13:10.024510 #5820]  INFO -- : End of run -----------------------------
I, [2017-06-07T14:21:55.768594 #12764]  INFO -- : Beginning of run ----------------
I, [2017-06-07T14:29:28.847429 #13192]  INFO -- : Beginning of run ----------------
I, [2017-06-07T14:29:28.848932 #13192]  INFO -- : Blacklist length: 2
I, [2017-06-07T14:29:28.848932 #13192]  INFO -- : End of run -----------------------------
I, [2017-06-07T14:32:27.684226 #3924]  INFO -- : Beginning of run ----------------
I, [2017-06-07T14:32:27.684726 #3924]  INFO -- : converted to JSON String {'prospect':{'email':'wlutz@twentypine.com','email':'test@gmail.com'}}
I, [2017-06-07T14:37:40.569670 #7104]  INFO -- : Beginning of run ----------------
I, [2017-06-07T14:37:40.570171 #7104]  INFO -- : converted to JSON String {'prospect':{'email':'wlutz@twentypine.com','email':'test@gmail.com'}}
I, [2017-06-07T14:37:40.570671 #7104]  INFO -- : Blacklist length: 2
I, [2017-06-07T14:37:40.570671 #7104]  INFO -- : End of run -----------------------------
I, [2017-06-07T14:38:37.703360 #11692]  INFO -- : Beginning of run ----------------
I, [2017-06-07T14:38:37.703865 #11692]  INFO -- : converted to JSON String {'prospect':{'email':'wlutz@twentypine.com','email':'test@gmail.com'}}
I, [2017-06-07T14:38:37.705364 #11692]  INFO -- : Blacklist length: 2
I, [2017-06-07T14:38:37.705364 #11692]  INFO -- : End of run -----------------------------
