# Logfile created on 2017-06-06 10:47:44 -0400 by logger.rb/56504
I, [2017-06-06T10:47:44.429309 #11104]  INFO -- : getting config file
I, [2017-06-06T10:48:23.846188 #5876]  INFO -- : getting config file
I, [2017-06-06T10:48:23.846188 #5876]  INFO -- : got config for will@twentypine.com
I, [2017-06-06T11:22:59.143510 #9784]  INFO -- : getting config file
I, [2017-06-06T11:22:59.143510 #9784]  INFO -- : got config for will@twentypine.com
I, [2017-06-06T11:24:26.625464 #11944]  INFO -- : getting config file
I, [2017-06-06T11:24:26.625873 #11944]  INFO -- : got config for will@twentypine.com
I, [2017-06-06T11:24:26.626302 #11944]  INFO -- : Attempting authentication . . .
I, [2017-06-06T11:24:34.159122 #11944]  INFO -- : Authentication successful
I, [2017-06-06T11:32:16.775393 #3920]  INFO -- : getting config file
I, [2017-06-06T11:32:16.775393 #3920]  INFO -- : got config for will@twentypine.com
I, [2017-06-06T11:32:16.775393 #3920]  INFO -- : Attempting authentication . . .
I, [2017-06-06T11:32:19.007045 #3920]  INFO -- : Authentication successful
I, [2017-06-06T11:32:20.097289 #3920]  INFO -- : End of run -----------------------------
I, [2017-06-06T11:40:57.454561 #12040]  INFO -- : getting config file
I, [2017-06-06T11:40:57.454561 #12040]  INFO -- : got config for will@twentypine.com
I, [2017-06-06T11:40:57.454561 #12040]  INFO -- : Attempting authentication . . .
I, [2017-06-06T11:40:59.686380 #12040]  INFO -- : Authentication successful
I, [2017-06-06T11:41:00.717230 #12040]  INFO -- : Found 17 Prospects
I, [2017-06-06T11:43:29.541677 #10264]  INFO -- : getting config file
I, [2017-06-06T11:43:29.541677 #10264]  INFO -- : got config for will@twentypine.com
I, [2017-06-06T11:43:29.542697 #10264]  INFO -- : Attempting authentication . . .
I, [2017-06-06T11:43:31.713110 #10264]  INFO -- : Authentication successful
I, [2017-06-06T11:43:32.618073 #10264]  INFO -- : Found 17 Prospects
I, [2017-06-06T11:43:32.618701 #10264]  INFO -- : Getting wlutz@tepper.cmu.edu Prospect
I, [2017-06-06T11:43:32.618910 #10264]  INFO -- : Getting guiseppehammer@gmail.com Prospect
I, [2017-06-06T11:43:32.619026 #10264]  INFO -- : Getting jim@leads4growth.com Prospect
I, [2017-06-06T11:43:32.619026 #10264]  INFO -- : Getting katiezinman@gmail.com Prospect
I, [2017-06-06T11:43:32.619026 #10264]  INFO -- : Getting bjquesen@gmail.com Prospect
I, [2017-06-06T11:43:32.619546 #10264]  INFO -- : Getting jason@twentypine.com Prospect
I, [2017-06-06T11:43:32.619546 #10264]  INFO -- : Getting wbrproductions@gmail.com Prospect
I, [2017-06-06T11:43:32.619546 #10264]  INFO -- : Getting mcrdjr@sfdc2max.com Prospect
I, [2017-06-06T11:43:32.620047 #10264]  INFO -- : Getting kshockenberry@gmail.com Prospect
I, [2017-06-06T11:43:32.620047 #10264]  INFO -- : Getting sriramlns+twentypine@gmail.com Prospect
I, [2017-06-06T11:43:32.620047 #10264]  INFO -- : Getting Steven.taunk@fivestars.com Prospect
I, [2017-06-06T11:43:32.620532 #10264]  INFO -- : Getting swatijc@gmail.com Prospect
I, [2017-06-06T11:43:32.620532 #10264]  INFO -- : Getting sbone27@comcast.net Prospect
I, [2017-06-06T11:43:32.620532 #10264]  INFO -- : Getting Awilber@wiredtriangle.com Prospect
I, [2017-06-06T11:43:32.621031 #10264]  INFO -- : Getting simone_tauriac@outlook.com Prospect
I, [2017-06-06T11:43:32.621031 #10264]  INFO -- : Getting fleigirl@gmail.com Prospect
I, [2017-06-06T11:43:32.621031 #10264]  INFO -- : Getting rclarke@livingstonintl.com Prospect
I, [2017-06-06T11:43:32.621532 #10264]  INFO -- : Got signups ["wlutz@tepper.cmu.edu", "guiseppehammer@gmail.com", "jim@leads4growth.com", "katiezinman@gmail.com", "bjquesen@gmail.com", "jason@twentypine.com", "wbrproductions@gmail.com", "mcrdjr@sfdc2max.com", "kshockenberry@gmail.com", "sriramlns+twentypine@gmail.com", "Steven.taunk@fivestars.com", "swatijc@gmail.com", "sbone27@comcast.net", "Awilber@wiredtriangle.com", "simone_tauriac@outlook.com", "fleigirl@gmail.com", "rclarke@livingstonintl.com"]
I, [2017-06-06T11:43:32.624078 #10264]  INFO -- : End of run -----------------------------
I, [2017-06-06T11:46:45.173571 #1632]  INFO -- : getting config file
I, [2017-06-06T11:46:45.174107 #1632]  INFO -- : got config for will@twentypine.com
I, [2017-06-06T11:46:45.174569 #1632]  INFO -- : Attempting authentication . . .
I, [2017-06-06T11:46:47.398444 #1632]  INFO -- : Authentication successful
I, [2017-06-06T11:46:49.527006 #1632]  INFO -- : Found 17 Prospects
I, [2017-06-06T11:46:49.527506 #1632]  INFO -- : Getting wlutz@tepper.cmu.edu Prospect
I, [2017-06-06T11:46:49.527506 #1632]  INFO -- : Getting guiseppehammer@gmail.com Prospect
I, [2017-06-06T11:46:49.527506 #1632]  INFO -- : Getting jim@leads4growth.com Prospect
I, [2017-06-06T11:46:49.527506 #1632]  INFO -- : Getting katiezinman@gmail.com Prospect
I, [2017-06-06T11:46:49.527506 #1632]  INFO -- : Getting bjquesen@gmail.com Prospect
I, [2017-06-06T11:46:49.528006 #1632]  INFO -- : Getting jason@twentypine.com Prospect
I, [2017-06-06T11:46:49.528006 #1632]  INFO -- : Getting wbrproductions@gmail.com Prospect
I, [2017-06-06T11:46:49.528006 #1632]  INFO -- : Getting mcrdjr@sfdc2max.com Prospect
I, [2017-06-06T11:46:49.528006 #1632]  INFO -- : Getting kshockenberry@gmail.com Prospect
I, [2017-06-06T11:46:49.528006 #1632]  INFO -- : Getting sriramlns+twentypine@gmail.com Prospect
I, [2017-06-06T11:46:49.528006 #1632]  INFO -- : Getting Steven.taunk@fivestars.com Prospect
I, [2017-06-06T11:46:49.528006 #1632]  INFO -- : Getting swatijc@gmail.com Prospect
I, [2017-06-06T11:46:49.528506 #1632]  INFO -- : Getting sbone27@comcast.net Prospect
I, [2017-06-06T11:46:49.528506 #1632]  INFO -- : Getting Awilber@wiredtriangle.com Prospect
I, [2017-06-06T11:46:49.528506 #1632]  INFO -- : Getting simone_tauriac@outlook.com Prospect
I, [2017-06-06T11:46:49.528506 #1632]  INFO -- : Getting fleigirl@gmail.com Prospect
I, [2017-06-06T11:46:49.528506 #1632]  INFO -- : Getting rclarke@livingstonintl.com Prospect
I, [2017-06-06T11:46:49.528506 #1632]  INFO -- : Got signups ["wlutz@tepper.cmu.edu", "guiseppehammer@gmail.com", "jim@leads4growth.com", "katiezinman@gmail.com", "bjquesen@gmail.com", "jason@twentypine.com", "wbrproductions@gmail.com", "mcrdjr@sfdc2max.com", "kshockenberry@gmail.com", "sriramlns+twentypine@gmail.com", "Steven.taunk@fivestars.com", "swatijc@gmail.com", "sbone27@comcast.net", "Awilber@wiredtriangle.com", "simone_tauriac@outlook.com", "fleigirl@gmail.com", "rclarke@livingstonintl.com"]
I, [2017-06-06T11:46:49.530508 #1632]  INFO -- : End of run -----------------------------
I, [2017-06-06T11:57:05.513090 #5112]  INFO -- : getting config file
I, [2017-06-06T11:57:05.513570 #5112]  INFO -- : got config for will@twentypine.com
I, [2017-06-06T11:57:05.513570 #5112]  INFO -- : Attempting authentication . . .
I, [2017-06-06T11:57:11.122136 #5112]  INFO -- : Authentication successful
I, [2017-06-06T11:57:12.906985 #5112]  INFO -- : Found 17 Prospects
I, [2017-06-06T11:57:12.907486 #5112]  INFO -- : Getting wlutz@tepper.cmu.edu Prospect
I, [2017-06-06T11:57:12.907486 #5112]  INFO -- : Getting guiseppehammer@gmail.com Prospect
I, [2017-06-06T11:57:12.907976 #5112]  INFO -- : Getting jim@leads4growth.com Prospect
I, [2017-06-06T11:57:12.907976 #5112]  INFO -- : Getting katiezinman@gmail.com Prospect
I, [2017-06-06T11:57:12.907976 #5112]  INFO -- : Getting bjquesen@gmail.com Prospect
I, [2017-06-06T11:57:12.908485 #5112]  INFO -- : Getting jason@twentypine.com Prospect
I, [2017-06-06T11:57:12.908485 #5112]  INFO -- : Getting wbrproductions@gmail.com Prospect
I, [2017-06-06T11:57:12.908485 #5112]  INFO -- : Getting mcrdjr@sfdc2max.com Prospect
I, [2017-06-06T11:57:12.908485 #5112]  INFO -- : Getting kshockenberry@gmail.com Prospect
I, [2017-06-06T11:57:12.908974 #5112]  INFO -- : Getting sriramlns+twentypine@gmail.com Prospect
I, [2017-06-06T11:57:12.908974 #5112]  INFO -- : Getting Steven.taunk@fivestars.com Prospect
I, [2017-06-06T11:57:12.908974 #5112]  INFO -- : Getting swatijc@gmail.com Prospect
I, [2017-06-06T11:57:12.909496 #5112]  INFO -- : Getting sbone27@comcast.net Prospect
I, [2017-06-06T11:57:12.909689 #5112]  INFO -- : Getting Awilber@wiredtriangle.com Prospect
I, [2017-06-06T11:57:12.909877 #5112]  INFO -- : Getting simone_tauriac@outlook.com Prospect
I, [2017-06-06T11:57:12.910114 #5112]  INFO -- : Getting fleigirl@gmail.com Prospect
I, [2017-06-06T11:57:12.910306 #5112]  INFO -- : Getting rclarke@livingstonintl.com Prospect
I, [2017-06-06T11:57:12.910442 #5112]  INFO -- : Got signups ["wlutz@tepper.cmu.edu", "guiseppehammer@gmail.com", "jim@leads4growth.com", "katiezinman@gmail.com", "bjquesen@gmail.com", "jason@twentypine.com", "wbrproductions@gmail.com", "mcrdjr@sfdc2max.com", "kshockenberry@gmail.com", "sriramlns+twentypine@gmail.com", "Steven.taunk@fivestars.com", "swatijc@gmail.com", "sbone27@comcast.net", "Awilber@wiredtriangle.com", "simone_tauriac@outlook.com", "fleigirl@gmail.com", "rclarke@livingstonintl.com"]
I, [2017-06-06T11:57:12.910959 #5112]  INFO -- : getting woodpecker config file
I, [2017-06-06T11:57:12.910959 #5112]  INFO -- : got key
I, [2017-06-06T11:57:12.911958 #5112]  INFO -- : End of run -----------------------------
