# Logfile created on 2017-06-07 18:24:12 -0400 by logger.rb/56504
I, [2017-06-07T18:24:12.881070 #11552]  INFO -- : getting config file
I, [2017-06-07T18:24:12.882070 #11552]  INFO -- : got config for 
I, [2017-06-07T18:24:43.073947 #11552]  INFO -- : Got 416 contacts.
I, [2017-06-07T18:24:43.073947 #11552]  INFO -- : grabbed contacts: #<Restforce::Collection:0x31567e0>
I, [2017-06-07T18:24:43.076949 #11552]  INFO -- : Contact 0: Aadinath
I, [2017-06-07T18:24:43.076949 #11552]  INFO -- : Contact 1: Michelle
I, [2017-06-07T18:24:43.076949 #11552]  INFO -- : Contact 2: Siva
I, [2017-06-07T18:24:43.076949 #11552]  INFO -- : Contact 3: Rangesh
I, [2017-06-07T18:24:43.076949 #11552]  INFO -- : Contact 4: Michael
I, [2017-06-07T18:24:43.076949 #11552]  INFO -- : Contact 5: Roberta
I, [2017-06-07T18:24:43.077950 #11552]  INFO -- : Contact 6: Adam
I, [2017-06-07T18:24:43.077950 #11552]  INFO -- : Contact 7: Jacob
I, [2017-06-07T18:24:43.077950 #11552]  INFO -- : Contact 8: Michael
I, [2017-06-07T18:24:43.077950 #11552]  INFO -- : Contact 9: Dominick
I, [2017-06-07T18:24:43.077950 #11552]  INFO -- : Contact 10: Jalil
I, [2017-06-07T18:24:43.077950 #11552]  INFO -- : Contact 11: Neil
I, [2017-06-07T18:24:43.078949 #11552]  INFO -- : Contact 12: Michele
I, [2017-06-07T18:24:43.078949 #11552]  INFO -- : Contact 13: John
I, [2017-06-07T18:24:43.078949 #11552]  INFO -- : Contact 14: Michael
I, [2017-06-07T18:24:43.078949 #11552]  INFO -- : Contact 15: Daniel
I, [2017-06-07T18:24:43.078949 #11552]  INFO -- : Contact 16: Dan
I, [2017-06-07T18:24:43.078949 #11552]  INFO -- : Contact 17: Matthew
I, [2017-06-07T18:24:43.079950 #11552]  INFO -- : Contact 18: Mike
I, [2017-06-07T18:24:43.080951 #11552]  INFO -- : Contact 19: Lisa
I, [2017-06-07T18:24:43.082952 #11552]  INFO -- : Contact 20: Thomas
I, [2017-06-07T18:24:43.083953 #11552]  INFO -- : Contact 21: Kevin
I, [2017-06-07T18:24:43.083953 #11552]  INFO -- : Contact 22: Stephanie
I, [2017-06-07T18:24:43.083953 #11552]  INFO -- : Contact 23: Rich
I, [2017-06-07T18:24:43.083953 #11552]  INFO -- : Contact 24: Steve
I, [2017-06-07T18:24:43.083953 #11552]  INFO -- : Contact 25: Russ
I, [2017-06-07T18:24:43.083953 #11552]  INFO -- : Contact 26: Jeff
I, [2017-06-07T18:24:43.084953 #11552]  INFO -- : Contact 27: Itai
I, [2017-06-07T18:24:43.084953 #11552]  INFO -- : Contact 28: Christina
I, [2017-06-07T18:24:43.084953 #11552]  INFO -- : Contact 29: Lesa
I, [2017-06-07T18:24:43.084953 #11552]  INFO -- : Contact 30: Vinod
I, [2017-06-07T18:24:43.084953 #11552]  INFO -- : Contact 31: Josh
I, [2017-06-07T18:24:43.084953 #11552]  INFO -- : Contact 32: John
I, [2017-06-07T18:24:43.085954 #11552]  INFO -- : Contact 33: Phillip
I, [2017-06-07T18:24:43.085954 #11552]  INFO -- : Contact 34: Diana
I, [2017-06-07T18:24:43.085954 #11552]  INFO -- : Contact 35: Keith
I, [2017-06-07T18:24:43.085954 #11552]  INFO -- : Contact 36: Jen
I, [2017-06-07T18:24:43.085954 #11552]  INFO -- : Contact 37: Dhana
I, [2017-06-07T18:24:43.085954 #11552]  INFO -- : Contact 38: Mark
I, [2017-06-07T18:24:43.085954 #11552]  INFO -- : Contact 39: Joshua
I, [2017-06-07T18:24:43.086954 #11552]  INFO -- : Contact 40: Brett
I, [2017-06-07T18:24:43.086954 #11552]  INFO -- : Contact 41: Caelyn
I, [2017-06-07T18:24:43.086954 #11552]  INFO -- : Contact 42: Kestryl
I, [2017-06-07T18:24:43.086954 #11552]  INFO -- : Contact 43: Ashley
I, [2017-06-07T18:24:43.086954 #11552]  INFO -- : Contact 44: Ashley
I, [2017-06-07T18:24:43.086954 #11552]  INFO -- : Contact 45: Joe
I, [2017-06-07T18:24:43.086954 #11552]  INFO -- : Contact 46: Liz
I, [2017-06-07T18:24:43.087955 #11552]  INFO -- : Contact 47: Justin
I, [2017-06-07T18:24:43.087955 #11552]  INFO -- : Contact 48: Debdeep
I, [2017-06-07T18:24:43.087955 #11552]  INFO -- : Contact 49: Zeeshan
I, [2017-06-07T18:24:43.087955 #11552]  INFO -- : Contact 50: Steven
I, [2017-06-07T18:24:43.087955 #11552]  INFO -- : Contact 51: Jennifer
I, [2017-06-07T18:24:43.087955 #11552]  INFO -- : Contact 52: Mark
I, [2017-06-07T18:24:43.087955 #11552]  INFO -- : Contact 53: Sravanthi
I, [2017-06-07T18:24:43.087955 #11552]  INFO -- : Contact 54: Hristo
I, [2017-06-07T18:24:43.088955 #11552]  INFO -- : Contact 55: Shelly
I, [2017-06-07T18:24:43.088955 #11552]  INFO -- : Contact 56: Neelima
I, [2017-06-07T18:24:43.088955 #11552]  INFO -- : Contact 57: Paul
I, [2017-06-07T18:24:43.088955 #11552]  INFO -- : Contact 58: Val
I, [2017-06-07T18:24:43.088955 #11552]  INFO -- : Contact 59: William
I, [2017-06-07T18:24:43.088955 #11552]  INFO -- : Contact 60: Scott
I, [2017-06-07T18:24:43.088955 #11552]  INFO -- : Contact 61: Vijay
I, [2017-06-07T18:24:43.088955 #11552]  INFO -- : Contact 62: Vivek
I, [2017-06-07T18:24:43.088955 #11552]  INFO -- : Contact 63: Christian
I, [2017-06-07T18:24:43.089956 #11552]  INFO -- : Contact 64: Teardra
I, [2017-06-07T18:24:43.089956 #11552]  INFO -- : Contact 65: Aaron
I, [2017-06-07T18:24:43.089956 #11552]  INFO -- : Contact 66: Trevor
I, [2017-06-07T18:24:43.089956 #11552]  INFO -- : Contact 67: DaNae
I, [2017-06-07T18:24:43.089956 #11552]  INFO -- : Contact 68: Danelle
I, [2017-06-07T18:24:43.089956 #11552]  INFO -- : Contact 69: Adam
I, [2017-06-07T18:24:43.089956 #11552]  INFO -- : Contact 70: Michael
I, [2017-06-07T18:24:43.089956 #11552]  INFO -- : Contact 71: Brian
I, [2017-06-07T18:24:43.089956 #11552]  INFO -- : Contact 72: Erin
I, [2017-06-07T18:24:43.089956 #11552]  INFO -- : Contact 73: Kelly
I, [2017-06-07T18:24:43.090958 #11552]  INFO -- : Contact 74: Bernie
I, [2017-06-07T18:24:43.090958 #11552]  INFO -- : Contact 75: Brad
I, [2017-06-07T18:24:43.090958 #11552]  INFO -- : Contact 76: Gabriel
I, [2017-06-07T18:24:43.090958 #11552]  INFO -- : Contact 77: Joyce
I, [2017-06-07T18:24:43.090958 #11552]  INFO -- : Contact 78: Amanda
I, [2017-06-07T18:24:43.090958 #11552]  INFO -- : Contact 79: Ulagammai
I, [2017-06-07T18:24:43.090958 #11552]  INFO -- : Contact 80: Diavonna
I, [2017-06-07T18:24:43.090958 #11552]  INFO -- : Contact 81: Bradley
I, [2017-06-07T18:24:43.090958 #11552]  INFO -- : Contact 82: Don
I, [2017-06-07T18:24:43.091957 #11552]  INFO -- : Contact 83: John
I, [2017-06-07T18:24:43.091957 #11552]  INFO -- : Contact 84: Nicole
I, [2017-06-07T18:24:43.091957 #11552]  INFO -- : Contact 85: Thanh
I, [2017-06-07T18:24:43.091957 #11552]  INFO -- : Contact 86: sundeep
I, [2017-06-07T18:24:43.091957 #11552]  INFO -- : Contact 87: Colin
I, [2017-06-07T18:24:43.091957 #11552]  INFO -- : Contact 88: Amy Jo
I, [2017-06-07T18:24:43.091957 #11552]  INFO -- : Contact 89: Anjali
I, [2017-06-07T18:24:43.091957 #11552]  INFO -- : Contact 90: Teresa
I, [2017-06-07T18:24:43.091957 #11552]  INFO -- : Contact 91: Yadavan
I, [2017-06-07T18:24:43.091957 #11552]  INFO -- : Contact 92: Carly
I, [2017-06-07T18:24:43.092958 #11552]  INFO -- : Contact 93: Steve
I, [2017-06-07T18:24:43.092958 #11552]  INFO -- : Contact 94: Dee
I, [2017-06-07T18:24:43.092958 #11552]  INFO -- : Contact 95: Raj
I, [2017-06-07T18:24:43.092958 #11552]  INFO -- : Contact 96: Trey
I, [2017-06-07T18:24:43.092958 #11552]  INFO -- : Contact 97: Jason
I, [2017-06-07T18:24:43.092958 #11552]  INFO -- : Contact 98: Sirish
I, [2017-06-07T18:24:43.092958 #11552]  INFO -- : Contact 99: Philip
I, [2017-06-07T18:24:43.092958 #11552]  INFO -- : Contact 100: Ilene
I, [2017-06-07T18:24:43.093959 #11552]  INFO -- : Contact 101: Rebecca
I, [2017-06-07T18:24:43.098963 #11552]  INFO -- : Contact 102: Chris
I, [2017-06-07T18:24:43.098963 #11552]  INFO -- : Contact 103: Max
I, [2017-06-07T18:24:43.099964 #11552]  INFO -- : Contact 104: Shirelle
I, [2017-06-07T18:24:43.099964 #11552]  INFO -- : Contact 105: Shawn
I, [2017-06-07T18:24:43.099964 #11552]  INFO -- : Contact 106: Adrian
I, [2017-06-07T18:24:43.099964 #11552]  INFO -- : Contact 107: Matt
I, [2017-06-07T18:24:43.100965 #11552]  INFO -- : Contact 108: Mike
I, [2017-06-07T18:24:43.100965 #11552]  INFO -- : Contact 109: John
I, [2017-06-07T18:24:43.100965 #11552]  INFO -- : Contact 110: John
I, [2017-06-07T18:24:43.100965 #11552]  INFO -- : Contact 111: Adam
I, [2017-06-07T18:24:43.100965 #11552]  INFO -- : Contact 112: Sathiya
I, [2017-06-07T18:24:43.100965 #11552]  INFO -- : Contact 113: Andrew
I, [2017-06-07T18:24:43.100965 #11552]  INFO -- : Contact 114: Simon
I, [2017-06-07T18:24:43.101965 #11552]  INFO -- : Contact 115: Matt
I, [2017-06-07T18:24:43.101965 #11552]  INFO -- : Contact 116: Nicholas
I, [2017-06-07T18:24:43.101965 #11552]  INFO -- : Contact 117: Alan
I, [2017-06-07T18:24:43.101965 #11552]  INFO -- : Contact 118: Elena
I, [2017-06-07T18:24:43.101965 #11552]  INFO -- : Contact 119: Avinash
I, [2017-06-07T18:24:43.102966 #11552]  INFO -- : Contact 120: Garrett
I, [2017-06-07T18:24:43.103967 #11552]  INFO -- : Contact 121: Alex
I, [2017-06-07T18:24:43.103967 #11552]  INFO -- : Contact 122: Rama
I, [2017-06-07T18:24:43.103967 #11552]  INFO -- : Contact 123: Himanshu
I, [2017-06-07T18:24:43.104968 #11552]  INFO -- : Contact 124: Devon
I, [2017-06-07T18:24:43.105969 #11552]  INFO -- : Contact 125: Kory
I, [2017-06-07T18:24:43.107969 #11552]  INFO -- : Contact 126: Scott
I, [2017-06-07T18:24:43.107969 #11552]  INFO -- : Contact 127: Daniel
I, [2017-06-07T18:24:43.108970 #11552]  INFO -- : Contact 128: Madeline
I, [2017-06-07T18:24:43.108970 #11552]  INFO -- : Contact 129: Frank
I, [2017-06-07T18:24:43.109971 #11552]  INFO -- : Contact 130: Jessica
I, [2017-06-07T18:24:43.109971 #11552]  INFO -- : Contact 131: Douglas
I, [2017-06-07T18:24:43.110971 #11552]  INFO -- : Contact 132: Andrew
I, [2017-06-07T18:24:43.111972 #11552]  INFO -- : Contact 133: Mike
I, [2017-06-07T18:24:43.111972 #11552]  INFO -- : Contact 134: Josh
I, [2017-06-07T18:24:43.111972 #11552]  INFO -- : Contact 135: Sushrut
I, [2017-06-07T18:24:43.114974 #11552]  INFO -- : Contact 136: Dimitri
I, [2017-06-07T18:24:43.115975 #11552]  INFO -- : Contact 137: Rajiv
I, [2017-06-07T18:24:43.116976 #11552]  INFO -- : Contact 138: Kimberly
I, [2017-06-07T18:24:43.117976 #11552]  INFO -- : Contact 139: Kam
I, [2017-06-07T18:24:43.117976 #11552]  INFO -- : Contact 140: James
I, [2017-06-07T18:24:43.118977 #11552]  INFO -- : Contact 141: Kortney
I, [2017-06-07T18:24:43.118977 #11552]  INFO -- : Contact 142: Taylor
I, [2017-06-07T18:24:43.120979 #11552]  INFO -- : Contact 143: Andrew
I, [2017-06-07T18:24:43.120979 #11552]  INFO -- : Contact 144: Kevin
I, [2017-06-07T18:24:43.121980 #11552]  INFO -- : Contact 145: Sandy
I, [2017-06-07T18:24:43.121980 #11552]  INFO -- : Contact 146: Nathan
I, [2017-06-07T18:24:43.121980 #11552]  INFO -- : Contact 147: Dawn
I, [2017-06-07T18:24:43.121980 #11552]  INFO -- : Contact 148: Michelle
I, [2017-06-07T18:24:43.121980 #11552]  INFO -- : Contact 149: Alex
I, [2017-06-07T18:24:43.122984 #11552]  INFO -- : Contact 150: Agape
I, [2017-06-07T18:24:43.122984 #11552]  INFO -- : Contact 151: Pascal
I, [2017-06-07T18:24:43.122984 #11552]  INFO -- : Contact 152: Shane
I, [2017-06-07T18:24:43.123984 #11552]  INFO -- : Contact 153: Kristin
I, [2017-06-07T18:24:43.123984 #11552]  INFO -- : Contact 154: Shelby
I, [2017-06-07T18:24:43.123984 #11552]  INFO -- : Contact 155: Travis
I, [2017-06-07T18:24:43.123984 #11552]  INFO -- : Contact 156: Jose
I, [2017-06-07T18:24:43.123984 #11552]  INFO -- : Contact 157: Sarah
I, [2017-06-07T18:24:43.123984 #11552]  INFO -- : Contact 158: Jamie
I, [2017-06-07T18:24:43.123984 #11552]  INFO -- : Contact 159: Angie
I, [2017-06-07T18:24:43.123984 #11552]  INFO -- : Contact 160: Michael
I, [2017-06-07T18:24:43.124981 #11552]  INFO -- : Contact 161: Eric
I, [2017-06-07T18:24:43.124981 #11552]  INFO -- : Contact 162: Mike
I, [2017-06-07T18:24:43.124981 #11552]  INFO -- : Contact 163: Stephen
I, [2017-06-07T18:24:43.124981 #11552]  INFO -- : Contact 164: Gita
I, [2017-06-07T18:24:43.124981 #11552]  INFO -- : Contact 165: Christopher
I, [2017-06-07T18:24:43.124981 #11552]  INFO -- : Contact 166: Paul
I, [2017-06-07T18:24:43.125982 #11552]  INFO -- : Contact 167: Hani
I, [2017-06-07T18:24:43.125982 #11552]  INFO -- : Contact 168: Brian
I, [2017-06-07T18:24:43.125982 #11552]  INFO -- : Contact 169: Brinder
I, [2017-06-07T18:24:43.125982 #11552]  INFO -- : Contact 170: Todd
I, [2017-06-07T18:24:43.125982 #11552]  INFO -- : Contact 171: Tim
I, [2017-06-07T18:24:43.125982 #11552]  INFO -- : Contact 172: Beca
I, [2017-06-07T18:24:43.125982 #11552]  INFO -- : Contact 173: Chris
I, [2017-06-07T18:24:43.125982 #11552]  INFO -- : Contact 174: Steven
I, [2017-06-07T18:24:43.126983 #11552]  INFO -- : Contact 175: Chris
I, [2017-06-07T18:24:43.126983 #11552]  INFO -- : Contact 176: Lori
I, [2017-06-07T18:24:43.126983 #11552]  INFO -- : Contact 177: Megan
I, [2017-06-07T18:24:43.126983 #11552]  INFO -- : Contact 178: John
I, [2017-06-07T18:24:43.126983 #11552]  INFO -- : Contact 179: Robbie
I, [2017-06-07T18:24:43.127986 #11552]  INFO -- : Contact 180: Jason
I, [2017-06-07T18:24:43.129984 #11552]  INFO -- : Contact 181: Doug
I, [2017-06-07T18:24:43.129984 #11552]  INFO -- : Contact 182: Shruti
I, [2017-06-07T18:24:43.129984 #11552]  INFO -- : Contact 183: Mekhala
I, [2017-06-07T18:24:43.129984 #11552]  INFO -- : Contact 184: Poornima
I, [2017-06-07T18:24:43.129984 #11552]  INFO -- : Contact 185: Kemi
I, [2017-06-07T18:24:43.130986 #11552]  INFO -- : Contact 186: Paula
I, [2017-06-07T18:24:43.130986 #11552]  INFO -- : Contact 187: Emily
I, [2017-06-07T18:24:43.131987 #11552]  INFO -- : Contact 188: Ravi
I, [2017-06-07T18:24:43.131987 #11552]  INFO -- : Contact 189: Chase
I, [2017-06-07T18:24:43.131987 #11552]  INFO -- : Contact 190: Adi
I, [2017-06-07T18:24:43.131987 #11552]  INFO -- : Contact 191: lizaveta
I, [2017-06-07T18:24:43.131987 #11552]  INFO -- : Contact 192: Bharath
I, [2017-06-07T18:24:43.132988 #11552]  INFO -- : Contact 193: Scottie
I, [2017-06-07T18:24:43.132988 #11552]  INFO -- : Contact 194: Erik
I, [2017-06-07T18:24:43.132988 #11552]  INFO -- : Contact 195: Andrew
I, [2017-06-07T18:24:43.132988 #11552]  INFO -- : Contact 196: Rodney
I, [2017-06-07T18:24:43.132988 #11552]  INFO -- : Contact 197: Samir
I, [2017-06-07T18:24:43.132988 #11552]  INFO -- : Contact 198: Bryan
I, [2017-06-07T18:24:43.133990 #11552]  INFO -- : Contact 199: Matt
I, [2017-06-07T18:24:43.133990 #11552]  INFO -- : Contact 200: Rebecca
I, [2017-06-07T18:24:43.133990 #11552]  INFO -- : Contact 201: Ravi
I, [2017-06-07T18:24:43.133990 #11552]  INFO -- : Contact 202: Spencer
I, [2017-06-07T18:24:43.133990 #11552]  INFO -- : Contact 203: Brandon
I, [2017-06-07T18:24:43.133990 #11552]  INFO -- : Contact 204: Samuel
I, [2017-06-07T18:24:43.134989 #11552]  INFO -- : Contact 205: Roman
I, [2017-06-07T18:24:43.134989 #11552]  INFO -- : Contact 206: Anne
I, [2017-06-07T18:24:43.134989 #11552]  INFO -- : Contact 207: Jim
I, [2017-06-07T18:24:43.134989 #11552]  INFO -- : Contact 208: Ashlynn
I, [2017-06-07T18:24:43.135990 #11552]  INFO -- : Contact 209: Andrew
I, [2017-06-07T18:24:43.137991 #11552]  INFO -- : Contact 210: Jay
I, [2017-06-07T18:24:43.137991 #11552]  INFO -- : Contact 211: MURALI
I, [2017-06-07T18:24:43.138991 #11552]  INFO -- : Contact 212: Luke
I, [2017-06-07T18:24:43.138991 #11552]  INFO -- : Contact 213: Kate
I, [2017-06-07T18:24:43.138991 #11552]  INFO -- : Contact 214: Andrew
I, [2017-06-07T18:24:43.138991 #11552]  INFO -- : Contact 215: Jude
I, [2017-06-07T18:24:43.138991 #11552]  INFO -- : Contact 216: Joseph
I, [2017-06-07T18:24:43.138991 #11552]  INFO -- : Contact 217: Steve
I, [2017-06-07T18:24:43.139992 #11552]  INFO -- : Contact 218: Kaysser
I, [2017-06-07T18:24:43.139992 #11552]  INFO -- : Contact 219: James
I, [2017-06-07T18:24:43.139992 #11552]  INFO -- : Contact 220: Gordon
I, [2017-06-07T18:24:43.139992 #11552]  INFO -- : Contact 221: Priya
I, [2017-06-07T18:24:43.139992 #11552]  INFO -- : Contact 222: Brian
I, [2017-06-07T18:24:43.140993 #11552]  INFO -- : Contact 223: Derek
I, [2017-06-07T18:24:43.140993 #11552]  INFO -- : Contact 224: Randall
I, [2017-06-07T18:24:43.140993 #11552]  INFO -- : Contact 225: Kyle
I, [2017-06-07T18:24:43.140993 #11552]  INFO -- : Contact 226: Mike
I, [2017-06-07T18:24:43.140993 #11552]  INFO -- : Contact 227: Andy
I, [2017-06-07T18:24:43.140993 #11552]  INFO -- : Contact 228: Alexander
I, [2017-06-07T18:24:43.141996 #11552]  INFO -- : Contact 229: Ron
I, [2017-06-07T18:24:43.141996 #11552]  INFO -- : Contact 230: Myles
I, [2017-06-07T18:24:43.141996 #11552]  INFO -- : Contact 231: Jay
I, [2017-06-07T18:24:43.141996 #11552]  INFO -- : Contact 232: Jitender
I, [2017-06-07T18:24:43.141996 #11552]  INFO -- : Contact 233: David
I, [2017-06-07T18:24:43.141996 #11552]  INFO -- : Contact 234: Rajni
I, [2017-06-07T18:24:43.141996 #11552]  INFO -- : Contact 235: Lauren
I, [2017-06-07T18:24:43.141996 #11552]  INFO -- : Contact 236: Derick
I, [2017-06-07T18:24:43.141996 #11552]  INFO -- : Contact 237: Leonard
I, [2017-06-07T18:24:43.142994 #11552]  INFO -- : Contact 238: Naren
I, [2017-06-07T18:24:43.142994 #11552]  INFO -- : Contact 239: Niraj
I, [2017-06-07T18:24:43.142994 #11552]  INFO -- : Contact 240: Christopher
I, [2017-06-07T18:24:43.142994 #11552]  INFO -- : Contact 241: Jeff
I, [2017-06-07T18:24:43.142994 #11552]  INFO -- : Contact 242: Nattapong
I, [2017-06-07T18:24:43.142994 #11552]  INFO -- : Contact 243: Dmytro
I, [2017-06-07T18:24:43.143996 #11552]  INFO -- : Contact 244: Jeff
I, [2017-06-07T18:24:43.143996 #11552]  INFO -- : Contact 245: Bethany-Jo
I, [2017-06-07T18:24:43.143996 #11552]  INFO -- : Contact 246: Akil
I, [2017-06-07T18:24:43.143996 #11552]  INFO -- : Contact 247: Stewart
I, [2017-06-07T18:24:43.143996 #11552]  INFO -- : Contact 248: Janae
I, [2017-06-07T18:24:43.143996 #11552]  INFO -- : Contact 249: Tiffany
I, [2017-06-07T18:24:43.143996 #11552]  INFO -- : Contact 250: Kristin
I, [2017-06-07T18:24:43.143996 #11552]  INFO -- : Contact 251: Stuart
I, [2017-06-07T18:24:43.144996 #11552]  INFO -- : Contact 252: Josh
I, [2017-06-07T18:24:43.144996 #11552]  INFO -- : Contact 253: Becky
I, [2017-06-07T18:24:43.144996 #11552]  INFO -- : Contact 254: Heather
I, [2017-06-07T18:24:43.144996 #11552]  INFO -- : Contact 255: Julie
I, [2017-06-07T18:24:43.144996 #11552]  INFO -- : Contact 256: Kishore
I, [2017-06-07T18:24:43.144996 #11552]  INFO -- : Contact 257: Erica
I, [2017-06-07T18:24:43.144996 #11552]  INFO -- : Contact 258: Sarah
I, [2017-06-07T18:24:43.145996 #11552]  INFO -- : Contact 259: Andrew
I, [2017-06-07T18:24:43.145996 #11552]  INFO -- : Contact 260: Dennis
I, [2017-06-07T18:24:43.145996 #11552]  INFO -- : Contact 261: Jay
I, [2017-06-07T18:24:43.145996 #11552]  INFO -- : Contact 262: Brandon
I, [2017-06-07T18:24:43.145996 #11552]  INFO -- : Contact 263: Jason
I, [2017-06-07T18:24:43.145996 #11552]  INFO -- : Contact 264: Magdiel
I, [2017-06-07T18:24:43.146997 #11552]  INFO -- : Contact 265: Jake
I, [2017-06-07T18:24:43.146997 #11552]  INFO -- : Contact 266: Alexandra
I, [2017-06-07T18:24:43.146997 #11552]  INFO -- : Contact 267: Aayush
I, [2017-06-07T18:24:43.146997 #11552]  INFO -- : Contact 268: Matt
I, [2017-06-07T18:24:43.146997 #11552]  INFO -- : Contact 269: Rob
I, [2017-06-07T18:24:43.147999 #11552]  INFO -- : Contact 270: Emily
I, [2017-06-07T18:24:43.147999 #11552]  INFO -- : Contact 271: Jared
I, [2017-06-07T18:24:43.147999 #11552]  INFO -- : Contact 272: Koto
I, [2017-06-07T18:24:43.147999 #11552]  INFO -- : Contact 273: Ariana
I, [2017-06-07T18:24:43.148998 #11552]  INFO -- : Contact 274: Jaron
I, [2017-06-07T18:24:43.148998 #11552]  INFO -- : Contact 275: Craig
I, [2017-06-07T18:24:43.148998 #11552]  INFO -- : Contact 276: Denise
I, [2017-06-07T18:24:43.148998 #11552]  INFO -- : Contact 277: Ridhima
I, [2017-06-07T18:24:43.148998 #11552]  INFO -- : Contact 278: Divya
I, [2017-06-07T18:24:43.148998 #11552]  INFO -- : Contact 279: Beau
I, [2017-06-07T18:24:43.150001 #11552]  INFO -- : Contact 280: Hai
I, [2017-06-07T18:24:43.150001 #11552]  INFO -- : Contact 281: Ryan
I, [2017-06-07T18:24:43.150001 #11552]  INFO -- : Contact 282: Neha
I, [2017-06-07T18:24:43.150001 #11552]  INFO -- : Contact 283: Conor
I, [2017-06-07T18:24:43.150001 #11552]  INFO -- : Contact 284: Mark
I, [2017-06-07T18:24:43.150001 #11552]  INFO -- : Contact 285: Brian
I, [2017-06-07T18:24:43.150001 #11552]  INFO -- : Contact 286: Michelle
I, [2017-06-07T18:24:43.151001 #11552]  INFO -- : Contact 287: Meredith
I, [2017-06-07T18:24:43.151001 #11552]  INFO -- : Contact 288: Peter
I, [2017-06-07T18:24:43.151001 #11552]  INFO -- : Contact 289: Gene
I, [2017-06-07T18:24:43.151001 #11552]  INFO -- : Contact 290: Debdip
I, [2017-06-07T18:24:43.151001 #11552]  INFO -- : Contact 291: Chana
I, [2017-06-07T18:24:43.151001 #11552]  INFO -- : Contact 292: Steven
I, [2017-06-07T18:24:43.151001 #11552]  INFO -- : Contact 293: Sheila
I, [2017-06-07T18:24:43.152001 #11552]  INFO -- : Contact 294: Darlene
I, [2017-06-07T18:24:43.152001 #11552]  INFO -- : Contact 295: Alex
I, [2017-06-07T18:24:43.152001 #11552]  INFO -- : Contact 296: Sara
I, [2017-06-07T18:24:43.152001 #11552]  INFO -- : Contact 297: Oskar
I, [2017-06-07T18:24:43.152001 #11552]  INFO -- : Contact 298: Stephen
I, [2017-06-07T18:24:43.152001 #11552]  INFO -- : Contact 299: Bal
I, [2017-06-07T18:24:43.152001 #11552]  INFO -- : Contact 300: Lisa
I, [2017-06-07T18:24:43.152001 #11552]  INFO -- : Contact 301: Chris
I, [2017-06-07T18:24:43.153001 #11552]  INFO -- : Contact 302: Benjamin
I, [2017-06-07T18:24:43.153001 #11552]  INFO -- : Contact 303: Mitchell
I, [2017-06-07T18:24:43.153001 #11552]  INFO -- : Contact 304: Priyanka
I, [2017-06-07T18:24:43.153001 #11552]  INFO -- : Contact 305: Venkatesh
I, [2017-06-07T18:24:43.153001 #11552]  INFO -- : Contact 306: Gustavo
I, [2017-06-07T18:24:43.153001 #11552]  INFO -- : Contact 307: Annie
I, [2017-06-07T18:24:43.153001 #11552]  INFO -- : Contact 308: Mark
I, [2017-06-07T18:24:43.153001 #11552]  INFO -- : Contact 309: Grace
I, [2017-06-07T18:24:43.154002 #11552]  INFO -- : Contact 310: Preeti
I, [2017-06-07T18:24:43.154002 #11552]  INFO -- : Contact 311: Martijn
I, [2017-06-07T18:24:43.154002 #11552]  INFO -- : Contact 312: Christopher
I, [2017-06-07T18:24:43.154002 #11552]  INFO -- : Contact 313: Tracy
I, [2017-06-07T18:24:43.154002 #11552]  INFO -- : Contact 314: Jay
I, [2017-06-07T18:24:43.154002 #11552]  INFO -- : Contact 315: Melanie
I, [2017-06-07T18:24:43.154002 #11552]  INFO -- : Contact 316: Sami
I, [2017-06-07T18:24:43.154002 #11552]  INFO -- : Contact 317: Judd
I, [2017-06-07T18:24:43.154002 #11552]  INFO -- : Contact 318: Bill
I, [2017-06-07T18:24:43.155004 #11552]  INFO -- : Contact 319: Karen
I, [2017-06-07T18:24:43.155004 #11552]  INFO -- : Contact 320: Heather
I, [2017-06-07T18:24:43.155004 #11552]  INFO -- : Contact 321: Matthew
I, [2017-06-07T18:24:43.155004 #11552]  INFO -- : Contact 322: Karina
I, [2017-06-07T18:24:43.155004 #11552]  INFO -- : Contact 323: David
I, [2017-06-07T18:24:43.155004 #11552]  INFO -- : Contact 324: Bill
I, [2017-06-07T18:24:43.155004 #11552]  INFO -- : Contact 325: Ted
I, [2017-06-07T18:24:43.156003 #11552]  INFO -- : Contact 326: William
I, [2017-06-07T18:24:43.156003 #11552]  INFO -- : Contact 327: Eesha
I, [2017-06-07T18:24:43.156003 #11552]  INFO -- : Contact 328: Francisco
I, [2017-06-07T18:24:43.156003 #11552]  INFO -- : Contact 329: Corinne
I, [2017-06-07T18:24:43.156003 #11552]  INFO -- : Contact 330: Rosalin
I, [2017-06-07T18:24:43.156003 #11552]  INFO -- : Contact 331: Anandhakumar
I, [2017-06-07T18:24:43.157004 #11552]  INFO -- : Contact 332: Alexis
I, [2017-06-07T18:24:43.157004 #11552]  INFO -- : Contact 333: Courtney
I, [2017-06-07T18:24:43.157004 #11552]  INFO -- : Contact 334: Andres
I, [2017-06-07T18:24:43.157004 #11552]  INFO -- : Contact 335: Kristen
I, [2017-06-07T18:24:43.157004 #11552]  INFO -- : Contact 336: Pavel
I, [2017-06-07T18:24:43.157004 #11552]  INFO -- : Contact 337: Eric
I, [2017-06-07T18:24:43.157004 #11552]  INFO -- : Contact 338: Dianne
I, [2017-06-07T18:24:43.158006 #11552]  INFO -- : Contact 339: Karen
I, [2017-06-07T18:24:43.158006 #11552]  INFO -- : Contact 340: Lisa
I, [2017-06-07T18:24:43.158006 #11552]  INFO -- : Contact 341: Mohan
I, [2017-06-07T18:24:43.158006 #11552]  INFO -- : Contact 342: Katie
I, [2017-06-07T18:24:43.158006 #11552]  INFO -- : Contact 343: William
I, [2017-06-07T18:24:43.158006 #11552]  INFO -- : Contact 344: Scott
I, [2017-06-07T18:24:43.158006 #11552]  INFO -- : Contact 345: Chris
I, [2017-06-07T18:24:43.158006 #11552]  INFO -- : Contact 346: Caleb
I, [2017-06-07T18:24:43.159007 #11552]  INFO -- : Contact 347: Melissa
I, [2017-06-07T18:24:43.159007 #11552]  INFO -- : Contact 348: Shelley
I, [2017-06-07T18:24:43.159007 #11552]  INFO -- : Contact 349: Mai
I, [2017-06-07T18:24:43.159007 #11552]  INFO -- : Contact 350: Libby
I, [2017-06-07T18:24:43.159007 #11552]  INFO -- : Contact 351: Vipin
I, [2017-06-07T18:24:43.159007 #11552]  INFO -- : Contact 352: Tom
I, [2017-06-07T18:24:43.159007 #11552]  INFO -- : Contact 353: Victoria
I, [2017-06-07T18:24:43.159007 #11552]  INFO -- : Contact 354: Zachary
I, [2017-06-07T18:24:43.160006 #11552]  INFO -- : Contact 355: Stephen
I, [2017-06-07T18:24:43.160006 #11552]  INFO -- : Contact 356: Bryan
I, [2017-06-07T18:24:43.160006 #11552]  INFO -- : Contact 357: Satina
I, [2017-06-07T18:24:43.160006 #11552]  INFO -- : Contact 358: Kristin
I, [2017-06-07T18:24:43.160006 #11552]  INFO -- : Contact 359: Viral
I, [2017-06-07T18:24:43.161007 #11552]  INFO -- : Contact 360: Emmy
I, [2017-06-07T18:24:43.161007 #11552]  INFO -- : Contact 361: Judd
I, [2017-06-07T18:24:43.161007 #11552]  INFO -- : Contact 362: Steven
I, [2017-06-07T18:24:43.161007 #11552]  INFO -- : Contact 363: Caitlin
I, [2017-06-07T18:24:43.161007 #11552]  INFO -- : Contact 364: David
I, [2017-06-07T18:24:43.161007 #11552]  INFO -- : Contact 365: Max
I, [2017-06-07T18:24:43.161007 #11552]  INFO -- : Contact 366: Kristina
I, [2017-06-07T18:24:43.161007 #11552]  INFO -- : Contact 367: Kris
I, [2017-06-07T18:24:43.162008 #11552]  INFO -- : Contact 368: Benjamin
I, [2017-06-07T18:24:43.162008 #11552]  INFO -- : Contact 369: Leslie
I, [2017-06-07T18:24:43.162008 #11552]  INFO -- : Contact 370: Todd
I, [2017-06-07T18:24:43.162008 #11552]  INFO -- : Contact 371: Mifta
I, [2017-06-07T18:24:43.162008 #11552]  INFO -- : Contact 372: Akhilesh
I, [2017-06-07T18:24:43.162008 #11552]  INFO -- : Contact 373: Bryon
I, [2017-06-07T18:24:43.162008 #11552]  INFO -- : Contact 374: Carol
I, [2017-06-07T18:24:43.163011 #11552]  INFO -- : Contact 375: Hugh
I, [2017-06-07T18:24:43.163011 #11552]  INFO -- : Contact 376: Kristin
I, [2017-06-07T18:24:43.163011 #11552]  INFO -- : Contact 377: Hanif
I, [2017-06-07T18:24:43.163011 #11552]  INFO -- : Contact 378: Michelle
I, [2017-06-07T18:24:43.163011 #11552]  INFO -- : Contact 379: Gregg
I, [2017-06-07T18:24:43.163011 #11552]  INFO -- : Contact 380: Pooja
I, [2017-06-07T18:24:43.164009 #11552]  INFO -- : Contact 381: Tad
I, [2017-06-07T18:24:43.164009 #11552]  INFO -- : Contact 382: James
I, [2017-06-07T18:24:43.164009 #11552]  INFO -- : Contact 383: Oleg
I, [2017-06-07T18:24:43.165010 #11552]  INFO -- : Contact 384: Erin
I, [2017-06-07T18:24:43.165010 #11552]  INFO -- : Contact 385: Dave
I, [2017-06-07T18:24:43.165010 #11552]  INFO -- : Contact 386: John
I, [2017-06-07T18:24:43.165010 #11552]  INFO -- : Contact 387: Lena
I, [2017-06-07T18:24:43.165010 #11552]  INFO -- : Contact 388: Marcus
I, [2017-06-07T18:24:43.165010 #11552]  INFO -- : Contact 389: Alfredo
I, [2017-06-07T18:24:43.165010 #11552]  INFO -- : Contact 390: Jeff
I, [2017-06-07T18:24:43.166011 #11552]  INFO -- : Contact 391: Emmanuel
I, [2017-06-07T18:24:43.166011 #11552]  INFO -- : Contact 392: Stephanie
I, [2017-06-07T18:24:43.166011 #11552]  INFO -- : Contact 393: Artem
I, [2017-06-07T18:24:43.166011 #11552]  INFO -- : Contact 394: Francisco
I, [2017-06-07T18:24:43.166011 #11552]  INFO -- : Contact 395: Pooja
I, [2017-06-07T18:24:43.166011 #11552]  INFO -- : Contact 396: Ray
I, [2017-06-07T18:24:43.166011 #11552]  INFO -- : Contact 397: Nicole
I, [2017-06-07T18:24:43.166011 #11552]  INFO -- : Contact 398: Andrew
I, [2017-06-07T18:24:43.167013 #11552]  INFO -- : Contact 399: Rachna
I, [2017-06-07T18:24:43.167013 #11552]  INFO -- : Contact 400: Mike
I, [2017-06-07T18:24:43.167013 #11552]  INFO -- : Contact 401: RaviKiran
I, [2017-06-07T18:24:43.167013 #11552]  INFO -- : Contact 402: Apple
I, [2017-06-07T18:24:43.167013 #11552]  INFO -- : Contact 403: Laura
I, [2017-06-07T18:24:43.168013 #11552]  INFO -- : Contact 404: Sean
I, [2017-06-07T18:24:43.168013 #11552]  INFO -- : Contact 405: Randy
I, [2017-06-07T18:24:43.168013 #11552]  INFO -- : Contact 406: Alicia
I, [2017-06-07T18:24:43.168013 #11552]  INFO -- : Contact 407: Anthony
I, [2017-06-07T18:24:43.168013 #11552]  INFO -- : Contact 408: Teffani
I, [2017-06-07T18:24:43.168013 #11552]  INFO -- : Contact 409: David
I, [2017-06-07T18:24:43.168013 #11552]  INFO -- : Contact 410: Mike
I, [2017-06-07T18:24:43.169014 #11552]  INFO -- : Contact 411: Gregory
I, [2017-06-07T18:24:43.169014 #11552]  INFO -- : Contact 412: Edward
I, [2017-06-07T18:24:43.169014 #11552]  INFO -- : Contact 413: Brynna
I, [2017-06-07T18:24:43.169014 #11552]  INFO -- : Contact 414: Dan
I, [2017-06-07T18:24:43.169014 #11552]  INFO -- : Contact 415: Patricia
